Background1/app/build/intermediates/manifest_merge_blame_file/debug/manifest-merger-blame-debug-report.txt
1<?xml version="1.0" encoding="utf-8"?>
2<manifest xmlns:android="http://schemas.android.com/apk/res/android"
3    package="com.example.Background1"
4    android:versionCode="1"
5    android:versionName="1.0" >
6
7    <uses-sdk
8        android:minSdkVersion="21"
8-->src/main/AndroidManifest.xml
9        android:targetSdkVersion="31" />
9-->src/main/AndroidManifest.xml
10
11    <uses-permission android:name="android.permission.READ_PHONE_STATE" />
11-->src/main/AndroidManifest.xml:4:5-75
11-->src/main/AndroidManifest.xml:4:22-72
12
13    <application
13-->src/main/AndroidManifest.xml:6:5-38:19
14        android:allowBackup="true"
14-->src/main/AndroidManifest.xml:7:9-35
15        android:appComponentFactory="androidx.core.app.CoreComponentFactory"
15-->[androidx.core:core:1.6.0] AndroidManifest.xml:24:18-86
16        android:debuggable="true"
17        android:icon="@mipmap/ic_launcher"
17-->src/main/AndroidManifest.xml:8:9-43
18        android:label="@string/app_name"
18-->src/main/AndroidManifest.xml:9:9-41
19        android:roundIcon="@mipmap/ic_launcher_round"
19-->src/main/AndroidManifest.xml:10:9-54
20        android:supportsRtl="true"
20-->src/main/AndroidManifest.xml:11:9-35
21        android:testOnly="true"
22        android:theme="@style/Theme.Background1" >
22-->src/main/AndroidManifest.xml:12:9-49
23        <activity
23-->src/main/AndroidManifest.xml:13:9-21:20
24            android:name="com.example.Background1.MainActivity"
24-->src/main/AndroidManifest.xml:14:13-64
25            android:exported="true" >
25-->src/main/AndroidManifest.xml:15:13-36
26            <intent-filter>
26-->src/main/AndroidManifest.xml:16:13-20:29
27                <action android:name="android.intent.action.MAIN" />
27-->src/main/AndroidManifest.xml:17:17-69
27-->src/main/AndroidManifest.xml:17:25-66
28
29                <category android:name="android.intent.category.LAUNCHER" />
29-->src/main/AndroidManifest.xml:19:17-77
29-->src/main/AndroidManifest.xml:19:27-74
30            </intent-filter>
31        </activity>
32
33        <!-- Receiver for incoming call -->
34        <receiver
34-->src/main/AndroidManifest.xml:24:9-31:20
35            android:name="com.example.Background1.broadcast.MyPhoneReceiver"
35-->src/main/AndroidManifest.xml:24:19-83
36            android:enabled="true"
36-->src/main/AndroidManifest.xml:26:13-35
37            android:exported="true" >
37-->src/main/AndroidManifest.xml:25:13-36
38            <intent-filter>
38-->src/main/AndroidManifest.xml:27:13-30:29
39                <action android:name="android.intent.action.PHONE_STATE" >
39-->src/main/AndroidManifest.xml:28:17-29:26
39-->src/main/AndroidManifest.xml:28:25-73
40                </action>
41            </intent-filter>
42        </receiver>
43
44        <service android:name="com.example.Background1.service.MyMusicService" />
44-->src/main/AndroidManifest.xml:33:9-82
44-->src/main/AndroidManifest.xml:33:18-79
45        <service
45-->src/main/AndroidManifest.xml:34:9-36:38
46            android:name="com.example.Background1.service.BoundService"
46-->src/main/AndroidManifest.xml:34:18-77
47            android:enabled="true"
47-->src/main/AndroidManifest.xml:35:13-35
48            android:exported="true" />
48-->src/main/AndroidManifest.xml:36:13-36
49    </application>
50
51</manifest>